2023-05-04 16:05:43.365   Reading file data/prempi.dat
2023-05-04 16:05:43.502   Reading grid files for 48 processors located in data/out_0.00000000
2023-05-04 16:05:43.503   Reading grid file for processor 0
2023-05-04 16:05:43.735   Reading grid file for processor 1
2023-05-04 16:05:43.736   Reading grid file for processor 2
2023-05-04 16:05:43.738   Reading grid file for processor 3
2023-05-04 16:05:43.803   Reading grid file for processor 4
2023-05-04 16:05:43.804   Reading grid file for processor 5
2023-05-04 16:05:43.805   Reading grid file for processor 6
2023-05-04 16:05:43.806   Reading grid file for processor 7
2023-05-04 16:05:43.807   Reading grid file for processor 8
2023-05-04 16:05:43.809   Reading grid file for processor 9
2023-05-04 16:05:43.810   Reading grid file for processor 10
2023-05-04 16:05:43.812   Reading grid file for processor 11
2023-05-04 16:05:43.813   Reading grid file for processor 12
2023-05-04 16:05:43.815   Reading grid file for processor 13
2023-05-04 16:05:43.816   Reading grid file for processor 14
2023-05-04 16:05:43.818   Reading grid file for processor 15
2023-05-04 16:05:43.819   Reading grid file for processor 16
2023-05-04 16:05:43.820   Reading grid file for processor 17
2023-05-04 16:05:43.822   Reading grid file for processor 18
2023-05-04 16:05:43.823   Reading grid file for processor 19
2023-05-04 16:05:43.825   Reading grid file for processor 20
2023-05-04 16:05:43.826   Reading grid file for processor 21
2023-05-04 16:05:43.828   Reading grid file for processor 22
2023-05-04 16:05:43.829   Reading grid file for processor 23
2023-05-04 16:05:43.831   Reading grid file for processor 24
2023-05-04 16:05:43.832   Reading grid file for processor 25
2023-05-04 16:05:43.886   Reading grid file for processor 26
2023-05-04 16:05:43.887   Reading grid file for processor 27
2023-05-04 16:05:43.888   Reading grid file for processor 28
2023-05-04 16:05:43.889   Reading grid file for processor 29
2023-05-04 16:05:43.889   Reading grid file for processor 30
2023-05-04 16:05:43.890   Reading grid file for processor 31
2023-05-04 16:05:43.891   Reading grid file for processor 32
2023-05-04 16:05:43.892   Reading grid file for processor 33
2023-05-04 16:05:43.893   Reading grid file for processor 34
2023-05-04 16:05:43.894   Reading grid file for processor 35
2023-05-04 16:05:43.895   Reading grid file for processor 36
2023-05-04 16:05:43.896   Reading grid file for processor 37
2023-05-04 16:05:43.896   Reading grid file for processor 38
2023-05-04 16:05:43.897   Reading grid file for processor 39
2023-05-04 16:05:43.898   Reading grid file for processor 40
2023-05-04 16:05:43.899   Reading grid file for processor 41
2023-05-04 16:05:43.900   Reading grid file for processor 42
2023-05-04 16:05:43.901   Reading grid file for processor 43
2023-05-04 16:05:43.902   Reading grid file for processor 44
2023-05-04 16:05:43.902   Reading grid file for processor 45
2023-05-04 16:05:43.903   Reading grid file for processor 46
2023-05-04 16:05:43.904   Reading grid file for processor 47
2023-05-04 16:05:43.908   Finished reading grid files
2023-05-04 16:05:43.917   Elapsed time: 406 milliseconds
2023-05-04 16:05:44.048   Reading file data/prempi.dat
2023-05-04 16:05:44.215   Reading solution files for 48 processors located in data/out_0.00000000
2023-05-04 16:05:44.215   Reading solution file for processor 0
2023-05-04 16:05:44.266   Reading solution file for processor 1
2023-05-04 16:05:44.269   Reading solution file for processor 2
2023-05-04 16:05:44.271   Reading solution file for processor 3
2023-05-04 16:05:44.273   Reading solution file for processor 4
2023-05-04 16:05:44.276   Reading solution file for processor 5
2023-05-04 16:05:44.278   Reading solution file for processor 6
2023-05-04 16:05:44.281   Reading solution file for processor 7
2023-05-04 16:05:44.283   Reading solution file for processor 8
2023-05-04 16:05:44.285   Reading solution file for processor 9
2023-05-04 16:05:44.288   Reading solution file for processor 10
2023-05-04 16:05:44.290   Reading solution file for processor 11
2023-05-04 16:05:44.292   Reading solution file for processor 12
2023-05-04 16:05:44.296   Reading solution file for processor 13
2023-05-04 16:05:44.299   Reading solution file for processor 14
2023-05-04 16:05:44.302   Reading solution file for processor 15
2023-05-04 16:05:44.306   Reading solution file for processor 16
2023-05-04 16:05:44.309   Reading solution file for processor 17
2023-05-04 16:05:44.312   Reading solution file for processor 18
2023-05-04 16:05:44.315   Reading solution file for processor 19
2023-05-04 16:05:44.318   Reading solution file for processor 20
2023-05-04 16:05:44.322   Reading solution file for processor 21
2023-05-04 16:05:44.325   Reading solution file for processor 22
2023-05-04 16:05:44.328   Reading solution file for processor 23
2023-05-04 16:05:44.331   Reading solution file for processor 24
2023-05-04 16:05:44.334   Reading solution file for processor 25
2023-05-04 16:05:44.338   Reading solution file for processor 26
2023-05-04 16:05:44.341   Reading solution file for processor 27
2023-05-04 16:05:44.344   Reading solution file for processor 28
2023-05-04 16:05:44.347   Reading solution file for processor 29
2023-05-04 16:05:44.351   Reading solution file for processor 30
2023-05-04 16:05:44.354   Reading solution file for processor 31
2023-05-04 16:05:44.357   Reading solution file for processor 32
2023-05-04 16:05:44.360   Reading solution file for processor 33
2023-05-04 16:05:44.364   Reading solution file for processor 34
2023-05-04 16:05:44.367   Reading solution file for processor 35
2023-05-04 16:05:44.370   Reading solution file for processor 36
2023-05-04 16:05:44.373   Reading solution file for processor 37
2023-05-04 16:05:44.376   Reading solution file for processor 38
2023-05-04 16:05:44.380   Reading solution file for processor 39
2023-05-04 16:05:44.383   Reading solution file for processor 40
2023-05-04 16:05:44.386   Reading solution file for processor 41
2023-05-04 16:05:44.389   Reading solution file for processor 42
2023-05-04 16:05:44.392   Reading solution file for processor 43
2023-05-04 16:05:44.396   Reading solution file for processor 44
2023-05-04 16:05:44.399   Reading solution file for processor 45
2023-05-04 16:05:44.402   Reading solution file for processor 46
2023-05-04 16:05:44.405   Reading solution file for processor 47
2023-05-04 16:05:44.408   Finished reading solution files
2023-05-04 16:05:44.408   Elapsed time: 193 milliseconds
2023-05-04 16:07:29.700   Reading file data/prempi.dat
2023-05-04 16:07:29.838   Reading grid files for 48 processors located in data/out_0.00000000
2023-05-04 16:07:29.838   Reading grid file for processor 0
2023-05-04 16:07:30.076   Reading grid file for processor 1
2023-05-04 16:07:30.078   Reading grid file for processor 2
2023-05-04 16:07:30.079   Reading grid file for processor 3
2023-05-04 16:07:30.144   Reading grid file for processor 4
2023-05-04 16:07:30.145   Reading grid file for processor 5
2023-05-04 16:07:30.146   Reading grid file for processor 6
2023-05-04 16:07:30.148   Reading grid file for processor 7
2023-05-04 16:07:30.149   Reading grid file for processor 8
2023-05-04 16:07:30.151   Reading grid file for processor 9
2023-05-04 16:07:30.152   Reading grid file for processor 10
2023-05-04 16:07:30.154   Reading grid file for processor 11
2023-05-04 16:07:30.155   Reading grid file for processor 12
2023-05-04 16:07:30.157   Reading grid file for processor 13
2023-05-04 16:07:30.158   Reading grid file for processor 14
2023-05-04 16:07:30.160   Reading grid file for processor 15
2023-05-04 16:07:30.161   Reading grid file for processor 16
2023-05-04 16:07:30.163   Reading grid file for processor 17
2023-05-04 16:07:30.164   Reading grid file for processor 18
2023-05-04 16:07:30.165   Reading grid file for processor 19
2023-05-04 16:07:30.167   Reading grid file for processor 20
2023-05-04 16:07:30.168   Reading grid file for processor 21
2023-05-04 16:07:30.170   Reading grid file for processor 22
2023-05-04 16:07:30.171   Reading grid file for processor 23
2023-05-04 16:07:30.173   Reading grid file for processor 24
2023-05-04 16:07:30.174   Reading grid file for processor 25
2023-05-04 16:07:30.228   Reading grid file for processor 26
2023-05-04 16:07:30.229   Reading grid file for processor 27
2023-05-04 16:07:30.230   Reading grid file for processor 28
2023-05-04 16:07:30.231   Reading grid file for processor 29
2023-05-04 16:07:30.232   Reading grid file for processor 30
2023-05-04 16:07:30.233   Reading grid file for processor 31
2023-05-04 16:07:30.234   Reading grid file for processor 32
2023-05-04 16:07:30.234   Reading grid file for processor 33
2023-05-04 16:07:30.235   Reading grid file for processor 34
2023-05-04 16:07:30.236   Reading grid file for processor 35
2023-05-04 16:07:30.237   Reading grid file for processor 36
2023-05-04 16:07:30.238   Reading grid file for processor 37
2023-05-04 16:07:30.239   Reading grid file for processor 38
2023-05-04 16:07:30.240   Reading grid file for processor 39
2023-05-04 16:07:30.241   Reading grid file for processor 40
2023-05-04 16:07:30.242   Reading grid file for processor 41
2023-05-04 16:07:30.243   Reading grid file for processor 42
2023-05-04 16:07:30.243   Reading grid file for processor 43
2023-05-04 16:07:30.244   Reading grid file for processor 44
2023-05-04 16:07:30.245   Reading grid file for processor 45
2023-05-04 16:07:30.246   Reading grid file for processor 46
2023-05-04 16:07:30.247   Reading grid file for processor 47
2023-05-04 16:07:30.251   Finished reading grid files...
2023-05-04 16:07:30.260   Elapsed time: 413 milliseconds
2023-05-04 16:07:30.391   Reading file data/prempi.dat
2023-05-04 16:07:30.558   Reading solution files for 48 processors located in data/out_0.00000000
2023-05-04 16:07:30.558   Reading solution file for processor 0
2023-05-04 16:07:30.610   Reading solution file for processor 1
2023-05-04 16:07:30.612   Reading solution file for processor 2
2023-05-04 16:07:30.615   Reading solution file for processor 3
2023-05-04 16:07:30.618   Reading solution file for processor 4
2023-05-04 16:07:30.621   Reading solution file for processor 5
2023-05-04 16:07:30.624   Reading solution file for processor 6
2023-05-04 16:07:30.626   Reading solution file for processor 7
2023-05-04 16:07:30.629   Reading solution file for processor 8
2023-05-04 16:07:30.631   Reading solution file for processor 9
2023-05-04 16:07:30.634   Reading solution file for processor 10
2023-05-04 16:07:30.636   Reading solution file for processor 11
2023-05-04 16:07:30.638   Reading solution file for processor 12
2023-05-04 16:07:30.641   Reading solution file for processor 13
2023-05-04 16:07:30.644   Reading solution file for processor 14
2023-05-04 16:07:30.647   Reading solution file for processor 15
2023-05-04 16:07:30.651   Reading solution file for processor 16
2023-05-04 16:07:30.654   Reading solution file for processor 17
2023-05-04 16:07:30.657   Reading solution file for processor 18
2023-05-04 16:07:30.661   Reading solution file for processor 19
2023-05-04 16:07:30.664   Reading solution file for processor 20
2023-05-04 16:07:30.667   Reading solution file for processor 21
2023-05-04 16:07:30.670   Reading solution file for processor 22
2023-05-04 16:07:30.674   Reading solution file for processor 23
2023-05-04 16:07:30.678   Reading solution file for processor 24
2023-05-04 16:07:30.681   Reading solution file for processor 25
2023-05-04 16:07:30.685   Reading solution file for processor 26
2023-05-04 16:07:30.688   Reading solution file for processor 27
2023-05-04 16:07:30.691   Reading solution file for processor 28
2023-05-04 16:07:30.695   Reading solution file for processor 29
2023-05-04 16:07:30.698   Reading solution file for processor 30
2023-05-04 16:07:30.701   Reading solution file for processor 31
2023-05-04 16:07:30.705   Reading solution file for processor 32
2023-05-04 16:07:30.708   Reading solution file for processor 33
2023-05-04 16:07:30.711   Reading solution file for processor 34
2023-05-04 16:07:30.714   Reading solution file for processor 35
2023-05-04 16:07:30.718   Reading solution file for processor 36
2023-05-04 16:07:30.721   Reading solution file for processor 37
2023-05-04 16:07:30.724   Reading solution file for processor 38
2023-05-04 16:07:30.728   Reading solution file for processor 39
2023-05-04 16:07:30.731   Reading solution file for processor 40
2023-05-04 16:07:30.734   Reading solution file for processor 41
2023-05-04 16:07:30.738   Reading solution file for processor 42
2023-05-04 16:07:30.741   Reading solution file for processor 43
2023-05-04 16:07:30.744   Reading solution file for processor 44
2023-05-04 16:07:30.748   Reading solution file for processor 45
2023-05-04 16:07:30.751   Reading solution file for processor 46
2023-05-04 16:07:30.754   Reading solution file for processor 47
2023-05-04 16:07:30.757   Finished reading solution files...
2023-05-04 16:07:30.757   Elapsed time: 199 milliseconds
